<?xml version="1.0" encoding="UTF-8"?>
<testng-results skipped="0" failed="0" total="1" passed="1">
  <reporter-output>
  </reporter-output>
  <suite name="Default suite" duration-ms="125" started-at="2022-03-10T09:57:37Z" finished-at="2022-03-10T09:57:37Z">
    <groups>
    </groups>
    <test name="Default test" duration-ms="125" started-at="2022-03-10T09:57:37Z" finished-at="2022-03-10T09:57:37Z">
      <class name="demo_Git.Demo">
        <test-method status="PASS" signature="demo()[pri:0, instance:demo_Git.Demo@4563e9ab]" name="demo" duration-ms="31" started-at="2022-03-10T15:27:37Z" finished-at="2022-03-10T15:27:37Z">
          <reporter-output>
          </reporter-output>
        </test-method> <!-- demo -->
      </class> <!-- demo_Git.Demo -->
    </test> <!-- Default test -->
  </suite> <!-- Default suite -->
</testng-results>
